EventSuggester/app/build/outputs/logs/manifest-merger-debug-report.txt
-- Merging decision tree log ---
manifest
ADDED from src/main/AndroidManifest.xml:2:1-47:12
INJECTED from src/main/AndroidManifest.xml:2:1-47:12
INJECTED from src/main/AndroidManifest.xml:2:1-47:12
INJECTED from src/main/AndroidManifest.xml:2:1-47:12
MERGED from [com.android.support:preference-v7:26.1.0] AndroidManifest.xml:17:1-28:12
MERGED from [com.android.support:appcompat-v7:26.1.0] AndroidManifest.xml:17:1-31:12
MERGED from [com.android.support.constraint:constraint-layout:1.1.2] AndroidManifest.xml:2:1-11:12
MERGED from [com.android.support:cardview-v7:26.1.0] AndroidManifest.xml:17:1-28:12
MERGED from [com.spotify.android:auth:1.0.0-alpha] AndroidManifest.xml:22:1-55:12
MERGED from [com.spotify.sdk:spotify-player-24-noconnect-2.20b:] AndroidManifest.xml:22:1-32:12
MERGED from [com.android.support:recyclerview-v7:26.1.0] AndroidManifest.xml:17:1-28:12
MERGED from [com.github.kaaes:spotify-web-api-android:0.4.1] AndroidManifest.xml:2:1-13:12
MERGED from [com.google.android.gms:play-services-location:15.0.1] AndroidManifest.xml:2:1-9:12
MERGED from [android.arch.lifecycle:extensions:1.0.0-alpha4] AndroidManifest.xml:17:1-34:12
MERGED from [android.arch.persistence.room:runtime:1.0.0-alpha4] AndroidManifest.xml:17:1-26:12
MERGED from [com.android.support:animated-vector-drawable:26.1.0] AndroidManifest.xml:17:1-28:12
MERGED from [com.android.support:support-vector-drawable:26.1.0] AndroidManifest.xml:17:1-28:12
MERGED from [com.android.support:customtabs:25.1.1] AndroidManifest.xml:17:1-24:12
MERGED from [com.google.android.gms:play-services-base:15.0.1] AndroidManifest.xml:17:1-29:12
MERGED from [com.google.android.gms:play-services-places-placereport:15.0.1] AndroidManifest.xml:17:1-24:12
MERGED from [com.google.android.gms:play-services-tasks:15.0.1] AndroidManifest.xml:2:1-9:12
MERGED from [com.google.android.gms:play-services-basement:15.0.1] AndroidManifest.xml:17:1-28:12
MERGED from [com.android.support:support-v4:26.1.0] AndroidManifest.xml:17:1-31:12
MERGED from [com.android.support:support-fragment:26.1.0] AndroidManifest.xml:17:1-31:12
MERGED from [com.android.support:support-core-ui:26.1.0] AndroidManifest.xml:17:1-31:12
MERGED from [android.arch.core:runtime:1.0.0-alpha4] AndroidManifest.xml:17:1-26:12
MERGED from [android.arch.persistence.room:support-db-impl:1.0.0-alpha4] AndroidManifest.xml:17:1-26:12
MERGED from [android.arch.persistence.room:support-db:1.0.0-alpha4] AndroidManifest.xml:17:1-26:12
MERGED from [com.android.support:support-media-compat:26.1.0] AndroidManifest.xml:17:1-31:12
MERGED from [com.android.support:support-core-utils:26.1.0] AndroidManifest.xml:17:1-31:12
MERGED from [com.android.support:support-compat:26.1.0] AndroidManifest.xml:17:1-31:12
MERGED from [android.arch.lifecycle:runtime:1.0.0] AndroidManifest.xml:17:1-30:12
INJECTED from src/main/AndroidManifest.xml:2:1-47:12
INJECTED from src/main/AndroidManifest.xml:2:1-47:12
INJECTED from src/main/AndroidManifest.xml:2:1-47:12
	package
		ADDED from src/main/AndroidManifest.xml:3:5-49
		INJECTED from src/main/AndroidManifest.xml
		INJECTED from src/main/AndroidManifest.xml
	android:versionName
		INJECTED from src/main/AndroidManifest.xml
		ADDED from src/main/AndroidManifest.xml:2:1-47:12
		INJECTED from src/main/AndroidManifest.xml
	android:versionCode
		INJECTED from src/main/AndroidManifest.xml
		ADDED from src/main/AndroidManifest.xml:2:1-47:12
		INJECTED from src/main/AndroidManifest.xml
	xmlns:android
		ADDED from src/main/AndroidManifest.xml:2:11-69
uses-permission#android.permission.INTERNET
ADDED from src/main/AndroidManifest.xml:5:5-67
MERGED from [com.spotify.android:auth:1.0.0-alpha] AndroidManifest.xml:31:5-67
MERGED from [com.spotify.android:auth:1.0.0-alpha] AndroidManifest.xml:31:5-67
	android:name
		ADDED from src/main/AndroidManifest.xml:5:22-64
uses-permission#android.permission.ACCESS_COARSE_LOCATION
ADDED from src/main/AndroidManifest.xml:6:5-81
	android:name
		ADDED from src/main/AndroidManifest.xml:6:22-78
uses-permission#android.permission.ACCESS_FINE_LOCATION
ADDED from src/main/AndroidManifest.xml:7:5-79
	android:name
		ADDED from src/main/AndroidManifest.xml:7:22-76
application
ADDED from src/main/AndroidManifest.xml:9:5-45:19
MERGED from [com.android.support:preference-v7:26.1.0] AndroidManifest.xml:22:5-26:19
MERGED from [com.android.support:preference-v7:26.1.0] AndroidManifest.xml:22:5-26:19
MERGED from [com.android.support:appcompat-v7:26.1.0] AndroidManifest.xml:25:5-29:19
MERGED from [com.android.support:appcompat-v7:26.1.0] AndroidManifest.xml:25:5-29:19
MERGED from [com.android.support.constraint:constraint-layout:1.1.2] AndroidManifest.xml:9:5-20
MERGED from [com.android.support.constraint:constraint-layout:1.1.2] AndroidManifest.xml:9:5-20
MERGED from [com.android.support:cardview-v7:26.1.0] AndroidManifest.xml:22:5-26:19
MERGED from [com.android.support:cardview-v7:26.1.0] AndroidManifest.xml:22:5-26:19
MERGED from [com.spotify.android:auth:1.0.0-alpha] AndroidManifest.xml:33:5-53:19
MERGED from [com.spotify.android:auth:1.0.0-alpha] AndroidManifest.xml:33:5-53:19
MERGED from [com.spotify.sdk:spotify-player-24-noconnect-2.20b:] AndroidManifest.xml:30:5-20
MERGED from [com.spotify.sdk:spotify-player-24-noconnect-2.20b:] AndroidManifest.xml:30:5-20
MERGED from [com.android.support:recyclerview-v7:26.1.0] AndroidManifest.xml:22:5-26:19
MERGED from [com.android.support:recyclerview-v7:26.1.0] AndroidManifest.xml:22:5-26:19
MERGED from [com.github.kaaes:spotify-web-api-android:0.4.1] AndroidManifest.xml:11:5-20
MERGED from [com.github.kaaes:spotify-web-api-android:0.4.1] AndroidManifest.xml:11:5-20
MERGED from [com.google.android.gms:play-services-location:15.0.1] AndroidManifest.xml:7:5-20
MERGED from [com.google.android.gms:play-services-location:15.0.1] AndroidManifest.xml:7:5-20
MERGED from [android.arch.lifecycle:extensions:1.0.0-alpha4] AndroidManifest.xml:26:5-32:19
MERGED from [android.arch.lifecycle:extensions:1.0.0-alpha4] AndroidManifest.xml:26:5-32:19
MERGED from [com.android.support:animated-vector-drawable:26.1.0] AndroidManifest.xml:22:5-26:19
MERGED from [com.android.support:animated-vector-drawable:26.1.0] AndroidManifest.xml:22:5-26:19
MERGED from [com.android.support:support-vector-drawable:26.1.0] AndroidManifest.xml:22:5-26:19
MERGED from [com.android.support:support-vector-drawable:26.1.0] AndroidManifest.xml:22:5-26:19
MERGED from [com.android.support:customtabs:25.1.1] AndroidManifest.xml:22:5-20
MERGED from [com.android.support:customtabs:25.1.1] AndroidManifest.xml:22:5-20
MERGED from [com.google.android.gms:play-services-base:15.0.1] AndroidManifest.xml:22:5-27:19
MERGED from [com.google.android.gms:play-services-base:15.0.1] AndroidManifest.xml:22:5-27:19
MERGED from [com.google.android.gms:play-services-places-placereport:15.0.1] AndroidManifest.xml:22:5-20
MERGED from [com.google.android.gms:play-services-places-placereport:15.0.1] AndroidManifest.xml:22:5-20
MERGED from [com.google.android.gms:play-services-tasks:15.0.1] AndroidManifest.xml:7:5-20
MERGED from [com.google.android.gms:play-services-tasks:15.0.1] AndroidManifest.xml:7:5-20
MERGED from [com.google.android.gms:play-services-basement:15.0.1] AndroidManifest.xml:22:5-26:19
MERGED from [com.google.android.gms:play-services-basement:15.0.1] AndroidManifest.xml:22:5-26:19
MERGED from [com.android.support:support-v4:26.1.0] AndroidManifest.xml:25:5-29:19
MERGED from [com.android.support:support-v4:26.1.0] AndroidManifest.xml:25:5-29:19
MERGED from [com.android.support:support-fragment:26.1.0] AndroidManifest.xml:25:5-29:19
MERGED from [com.android.support:support-fragment:26.1.0] AndroidManifest.xml:25:5-29:19
MERGED from [com.android.support:support-core-ui:26.1.0] AndroidManifest.xml:25:5-29:19
MERGED from [com.android.support:support-core-ui:26.1.0] AndroidManifest.xml:25:5-29:19
MERGED from [com.android.support:support-media-compat:26.1.0] AndroidManifest.xml:25:5-29:19
MERGED from [com.android.support:support-media-compat:26.1.0] AndroidManifest.xml:25:5-29:19
MERGED from [com.android.support:support-core-utils:26.1.0] AndroidManifest.xml:25:5-29:19
MERGED from [com.android.support:support-core-utils:26.1.0] AndroidManifest.xml:25:5-29:19
MERGED from [com.android.support:support-compat:26.1.0] AndroidManifest.xml:25:5-29:19
MERGED from [com.android.support:support-compat:26.1.0] AndroidManifest.xml:25:5-29:19
MERGED from [android.arch.lifecycle:runtime:1.0.0] AndroidManifest.xml:24:5-28:19
MERGED from [android.arch.lifecycle:runtime:1.0.0] AndroidManifest.xml:24:5-28:19
	android:supportsRtl
		ADDED from src/main/AndroidManifest.xml:15:9-35
	android:label
		ADDED from src/main/AndroidManifest.xml:13:9-41
	android:roundIcon
		ADDED from src/main/AndroidManifest.xml:14:9-54
	android:configChanges
		ADDED from src/main/AndroidManifest.xml:11:9-55
	android:icon
		ADDED from src/main/AndroidManifest.xml:12:9-43
	android:allowBackup
		ADDED from src/main/AndroidManifest.xml:10:9-35
	android:theme
		ADDED from src/main/AndroidManifest.xml:16:9-40
activity#com.example.android.eventsuggester.SpotifyAuthActivity
ADDED from src/main/AndroidManifest.xml:17:9-25:20
	android:theme
		ADDED from src/main/AndroidManifest.xml:19:13-48
	android:name
		ADDED from src/main/AndroidManifest.xml:18:13-48
intent-filter#action:name:android.intent.action.MAIN+category:name:android.intent.category.LAUNCHER
ADDED from src/main/AndroidManifest.xml:20:13-24:29
action#android.intent.action.MAIN
ADDED from src/main/AndroidManifest.xml:21:17-69
	android:name
		ADDED from src/main/AndroidManifest.xml:21:25-66
category#android.intent.category.LAUNCHER
ADDED from src/main/AndroidManifest.xml:23:17-77
	android:name
		ADDED from src/main/AndroidManifest.xml:23:27-74
activity#com.example.android.eventsuggester.LocationActivity
ADDED from src/main/AndroidManifest.xml:26:9-28:51
	android:theme
		ADDED from src/main/AndroidManifest.xml:28:13-48
	android:name
		ADDED from src/main/AndroidManifest.xml:27:13-45
activity#com.example.android.eventsuggester.EventActivity
ADDED from src/main/AndroidManifest.xml:29:9-31:51
	android:theme
		ADDED from src/main/AndroidManifest.xml:31:13-48
	android:name
		ADDED from src/main/AndroidManifest.xml:30:13-42
activity#com.example.android.eventsuggester.EventDetailActivity
ADDED from src/main/AndroidManifest.xml:32:9-34:51
	android:theme
		ADDED from src/main/AndroidManifest.xml:34:13-48
	android:name
		ADDED from src/main/AndroidManifest.xml:33:13-48
activity#com.example.android.eventsuggester.SpotifyErrorActivity
ADDED from src/main/AndroidManifest.xml:35:9-37:51
	android:theme
		ADDED from src/main/AndroidManifest.xml:37:13-48
	android:name
		ADDED from src/main/AndroidManifest.xml:36:13-49
activity#com.example.android.eventsuggester.SettingsActivity
ADDED from src/main/AndroidManifest.xml:38:9-40:51
	android:theme
		ADDED from src/main/AndroidManifest.xml:40:13-48
	android:name
		ADDED from src/main/AndroidManifest.xml:39:13-45
activity#com.example.android.eventsuggester.MyEventsActivity
ADDED from src/main/AndroidManifest.xml:41:9-43:51
	android:theme
		ADDED from src/main/AndroidManifest.xml:43:13-48
	android:name
		ADDED from src/main/AndroidManifest.xml:42:13-45
activity#com.example.android.eventsuggester.MainActivity
ADDED from src/main/AndroidManifest.xml:44:9-59
	android:name
		ADDED from src/main/AndroidManifest.xml:44:19-47
uses-sdk
INJECTED from src/main/AndroidManifest.xml reason: use-sdk injection requested
INJECTED from src/main/AndroidManifest.xml
INJECTED from src/main/AndroidManifest.xml
MERGED from [com.android.support:preference-v7:26.1.0] AndroidManifest.xml:20:5-44
MERGED from [com.android.support:preference-v7:26.1.0] AndroidManifest.xml:20:5-44
MERGED from [com.android.support:appcompat-v7:26.1.0] AndroidManifest.xml:21:5-23:78
MERGED from [com.android.support:appcompat-v7:26.1.0] AndroidManifest.xml:21:5-23:78
MERGED from [com.android.support.constraint:constraint-layout:1.1.2] AndroidManifest.xml:5:5-7:41
MERGED from [com.android.support.constraint:constraint-layout:1.1.2] AndroidManifest.xml:5:5-7:41
MERGED from [com.android.support:cardview-v7:26.1.0] AndroidManifest.xml:20:5-44
MERGED from [com.android.support:cardview-v7:26.1.0] AndroidManifest.xml:20:5-44
MERGED from [com.spotify.android:auth:1.0.0-alpha] AndroidManifest.xml:27:5-29:41
MERGED from [com.spotify.android:auth:1.0.0-alpha] AndroidManifest.xml:27:5-29:41
MERGED from [com.spotify.sdk:spotify-player-24-noconnect-2.20b:] AndroidManifest.xml:26:5-28:41
MERGED from [com.spotify.sdk:spotify-player-24-noconnect-2.20b:] AndroidManifest.xml:26:5-28:41
MERGED from [com.android.support:recyclerview-v7:26.1.0] AndroidManifest.xml:20:5-44
MERGED from [com.android.support:recyclerview-v7:26.1.0] AndroidManifest.xml:20:5-44
MERGED from [com.github.kaaes:spotify-web-api-android:0.4.1] AndroidManifest.xml:6:5-8:41
MERGED from [com.github.kaaes:spotify-web-api-android:0.4.1] AndroidManifest.xml:6:5-8:41
MERGED from [com.google.android.gms:play-services-location:15.0.1] AndroidManifest.xml:5:5-44
MERGED from [com.google.android.gms:play-services-location:15.0.1] AndroidManifest.xml:5:5-44
MERGED from [android.arch.lifecycle:extensions:1.0.0-alpha4] AndroidManifest.xml:22:5-24:41
MERGED from [android.arch.lifecycle:extensions:1.0.0-alpha4] AndroidManifest.xml:22:5-24:41
MERGED from [android.arch.persistence.room:runtime:1.0.0-alpha4] AndroidManifest.xml:22:5-24:41
MERGED from [android.arch.persistence.room:runtime:1.0.0-alpha4] AndroidManifest.xml:22:5-24:41
MERGED from [com.android.support:animated-vector-drawable:26.1.0] AndroidManifest.xml:20:5-44
MERGED from [com.android.support:animated-vector-drawable:26.1.0] AndroidManifest.xml:20:5-44
MERGED from [com.android.support:support-vector-drawable:26.1.0] AndroidManifest.xml:20:5-44
MERGED from [com.android.support:support-vector-drawable:26.1.0] AndroidManifest.xml:20:5-44
MERGED from [com.android.support:customtabs:25.1.1] AndroidManifest.xml:20:5-44
MERGED from [com.android.support:customtabs:25.1.1] AndroidManifest.xml:20:5-44
MERGED from [com.google.android.gms:play-services-base:15.0.1] AndroidManifest.xml:20:5-44
MERGED from [com.google.android.gms:play-services-base:15.0.1] AndroidManifest.xml:20:5-44
MERGED from [com.google.android.gms:play-services-places-placereport:15.0.1] AndroidManifest.xml:20:5-44
MERGED from [com.google.android.gms:play-services-places-placereport:15.0.1] AndroidManifest.xml:20:5-44
MERGED from [com.google.android.gms:play-services-tasks:15.0.1] AndroidManifest.xml:5:5-44
MERGED from [com.google.android.gms:play-services-tasks:15.0.1] AndroidManifest.xml:5:5-44
MERGED from [com.google.android.gms:play-services-basement:15.0.1] AndroidManifest.xml:20:5-44
MERGED from [com.google.android.gms:play-services-basement:15.0.1] AndroidManifest.xml:20:5-44
MERGED from [com.android.support:support-v4:26.1.0] AndroidManifest.xml:21:5-23:54
MERGED from [com.android.support:support-v4:26.1.0] AndroidManifest.xml:21:5-23:54
MERGED from [com.android.support:support-fragment:26.1.0] AndroidManifest.xml:21:5-23:60
MERGED from [com.android.support:support-fragment:26.1.0] AndroidManifest.xml:21:5-23:60
MERGED from [com.android.support:support-core-ui:26.1.0] AndroidManifest.xml:21:5-23:58
MERGED from [com.android.support:support-core-ui:26.1.0] AndroidManifest.xml:21:5-23:58
MERGED from [android.arch.core:runtime:1.0.0-alpha4] AndroidManifest.xml:22:5-24:41
MERGED from [android.arch.core:runtime:1.0.0-alpha4] AndroidManifest.xml:22:5-24:41
MERGED from [android.arch.persistence.room:support-db-impl:1.0.0-alpha4] AndroidManifest.xml:22:5-24:41
MERGED from [android.arch.persistence.room:support-db-impl:1.0.0-alpha4] AndroidManifest.xml:22:5-24:41
MERGED from [android.arch.persistence.room:support-db:1.0.0-alpha4] AndroidManifest.xml:22:5-24:41
MERGED from [android.arch.persistence.room:support-db:1.0.0-alpha4] AndroidManifest.xml:22:5-24:41
MERGED from [com.android.support:support-media-compat:26.1.0] AndroidManifest.xml:21:5-23:63
MERGED from [com.android.support:support-media-compat:26.1.0] AndroidManifest.xml:21:5-23:63
MERGED from [com.android.support:support-core-utils:26.1.0] AndroidManifest.xml:21:5-23:61
MERGED from [com.android.support:support-core-utils:26.1.0] AndroidManifest.xml:21:5-23:61
MERGED from [com.android.support:support-compat:26.1.0] AndroidManifest.xml:21:5-23:58
MERGED from [com.android.support:support-compat:26.1.0] AndroidManifest.xml:21:5-23:58
MERGED from [android.arch.lifecycle:runtime:1.0.0] AndroidManifest.xml:20:5-22:41
MERGED from [android.arch.lifecycle:runtime:1.0.0] AndroidManifest.xml:20:5-22:41
INJECTED from src/main/AndroidManifest.xml
INJECTED from src/main/AndroidManifest.xml
	tools:overrideLibrary
		ADDED from [com.android.support:appcompat-v7:26.1.0] AndroidManifest.xml:23:9-75
	android:targetSdkVersion
		INJECTED from src/main/AndroidManifest.xml
		ADDED from src/main/AndroidManifest.xml
		INJECTED from src/main/AndroidManifest.xml
	android:minSdkVersion
		INJECTED from src/main/AndroidManifest.xml
		ADDED from src/main/AndroidManifest.xml
		INJECTED from src/main/AndroidManifest.xml
meta-data#android.support.VERSION
ADDED from [com.android.support:preference-v7:26.1.0] AndroidManifest.xml:23:9-25:38
MERGED from [com.android.support:appcompat-v7:26.1.0] AndroidManifest.xml:26:9-28:38
MERGED from [com.android.support:appcompat-v7:26.1.0] AndroidManifest.xml:26:9-28:38
MERGED from [com.android.support:cardview-v7:26.1.0] AndroidManifest.xml:23:9-25:38
MERGED from [com.android.support:cardview-v7:26.1.0] AndroidManifest.xml:23:9-25:38
MERGED from [com.android.support:recyclerview-v7:26.1.0] AndroidManifest.xml:23:9-25:38
MERGED from [com.android.support:recyclerview-v7:26.1.0] AndroidManifest.xml:23:9-25:38
MERGED from [com.android.support:animated-vector-drawable:26.1.0] AndroidManifest.xml:23:9-25:38
MERGED from [com.android.support:animated-vector-drawable:26.1.0] AndroidManifest.xml:23:9-25:38
MERGED from [com.android.support:support-vector-drawable:26.1.0] AndroidManifest.xml:23:9-25:38
MERGED from [com.android.support:support-vector-drawable:26.1.0] AndroidManifest.xml:23:9-25:38
MERGED from [com.android.support:support-v4:26.1.0] AndroidManifest.xml:26:9-28:38
MERGED from [com.android.support:support-v4:26.1.0] AndroidManifest.xml:26:9-28:38
MERGED from [com.android.support:support-fragment:26.1.0] AndroidManifest.xml:26:9-28:38
MERGED from [com.android.support:support-fragment:26.1.0] AndroidManifest.xml:26:9-28:38
MERGED from [com.android.support:support-core-ui:26.1.0] AndroidManifest.xml:26:9-28:38
MERGED from [com.android.support:support-core-ui:26.1.0] AndroidManifest.xml:26:9-28:38
MERGED from [com.android.support:support-media-compat:26.1.0] AndroidManifest.xml:26:9-28:38
MERGED from [com.android.support:support-media-compat:26.1.0] AndroidManifest.xml:26:9-28:38
MERGED from [com.android.support:support-core-utils:26.1.0] AndroidManifest.xml:26:9-28:38
MERGED from [com.android.support:support-core-utils:26.1.0] AndroidManifest.xml:26:9-28:38
MERGED from [com.android.support:support-compat:26.1.0] AndroidManifest.xml:26:9-28:38
MERGED from [com.android.support:support-compat:26.1.0] AndroidManifest.xml:26:9-28:38
	android:value
		ADDED from [com.android.support:preference-v7:26.1.0] AndroidManifest.xml:25:13-35
	android:name
		ADDED from [com.android.support:preference-v7:26.1.0] AndroidManifest.xml:24:13-51
activity#com.spotify.sdk.android.authentication.AuthCallbackActivity
ADDED from [com.spotify.android:auth:1.0.0-alpha] AndroidManifest.xml:34:9-48:20
	android:exported
		ADDED from [com.spotify.android:auth:1.0.0-alpha] AndroidManifest.xml:36:13-36
	android:theme
		ADDED from [com.spotify.android:auth:1.0.0-alpha] AndroidManifest.xml:37:13-72
	android:name
		ADDED from [com.spotify.android:auth:1.0.0-alpha] AndroidManifest.xml:35:13-87
intent-filter#action:name:android.intent.action.VIEW+category:name:android.intent.category.BROWSABLE+category:name:android.intent.category.DEFAULT+data:host:@string/com_spotify_sdk_redirect_host+data:scheme:@string/com_spotify_sdk_redirect_scheme
ADDED from [com.spotify.android:auth:1.0.0-alpha] AndroidManifest.xml:38:13-47:29
action#android.intent.action.VIEW
ADDED from [com.spotify.android:auth:1.0.0-alpha] AndroidManifest.xml:39:17-69
	android:name
		ADDED from [com.spotify.android:auth:1.0.0-alpha] AndroidManifest.xml:39:25-66
category#android.intent.category.DEFAULT
ADDED from [com.spotify.android:auth:1.0.0-alpha] AndroidManifest.xml:41:17-76
	android:name
		ADDED from [com.spotify.android:auth:1.0.0-alpha] AndroidManifest.xml:41:27-73
category#android.intent.category.BROWSABLE
ADDED from [com.spotify.android:auth:1.0.0-alpha] AndroidManifest.xml:42:17-78
	android:name
		ADDED from [com.spotify.android:auth:1.0.0-alpha] AndroidManifest.xml:42:27-75
data
ADDED from [com.spotify.android:auth:1.0.0-alpha] AndroidManifest.xml:44:17-46:80
	android:host
		ADDED from [com.spotify.android:auth:1.0.0-alpha] AndroidManifest.xml:45:21-73
	android:scheme
		ADDED from [com.spotify.android:auth:1.0.0-alpha] AndroidManifest.xml:46:21-77
activity#com.spotify.sdk.android.authentication.LoginActivity
ADDED from [com.spotify.android:auth:1.0.0-alpha] AndroidManifest.xml:49:9-52:20
	android:theme
		ADDED from [com.spotify.android:auth:1.0.0-alpha] AndroidManifest.xml:51:13-72
	android:name
		ADDED from [com.spotify.android:auth:1.0.0-alpha] AndroidManifest.xml:50:13-80
provider#android.arch.lifecycle.LifecycleRuntimeTrojanProvider
ADDED from [android.arch.lifecycle:extensions:1.0.0-alpha4] AndroidManifest.xml:27:9-31:43
	android:authorities
		ADDED from [android.arch.lifecycle:extensions:1.0.0-alpha4] AndroidManifest.xml:29:13-68
	android:multiprocess
		ADDED from [android.arch.lifecycle:extensions:1.0.0-alpha4] AndroidManifest.xml:31:13-40
	android:exported
		ADDED from [android.arch.lifecycle:extensions:1.0.0-alpha4] AndroidManifest.xml:30:13-37
	android:name
		ADDED from [android.arch.lifecycle:extensions:1.0.0-alpha4] AndroidManifest.xml:28:13-81
activity#com.google.android.gms.common.api.GoogleApiActivity
ADDED from [com.google.android.gms:play-services-base:15.0.1] AndroidManifest.xml:23:9-26:75
	android:exported
		ADDED from [com.google.android.gms:play-services-base:15.0.1] AndroidManifest.xml:25:13-37
	android:theme
		ADDED from [com.google.android.gms:play-services-base:15.0.1] AndroidManifest.xml:26:13-72
	android:name
		ADDED from [com.google.android.gms:play-services-base:15.0.1] AndroidManifest.xml:24:13-79
meta-data#com.google.android.gms.version
ADDED from [com.google.android.gms:play-services-basement:15.0.1] AndroidManifest.xml:23:9-25:69
	android:value
		ADDED from [com.google.android.gms:play-services-basement:15.0.1] AndroidManifest.xml:25:13-66
	android:name
		ADDED from [com.google.android.gms:play-services-basement:15.0.1] AndroidManifest.xml:24:13-58
meta-data#android.arch.lifecycle.VERSION
ADDED from [android.arch.lifecycle:runtime:1.0.0] AndroidManifest.xml:25:9-27:47
	android:value
		ADDED from [android.arch.lifecycle:runtime:1.0.0] AndroidManifest.xml:27:13-44
	android:name
		ADDED from [android.arch.lifecycle:runtime:1.0.0] AndroidManifest.xml:26:13-58